Log file open, 03/17/22 11:06:26
LogWindows: Failed to load 'aqProf.dll' (GetLastError=126)
LogWindows: File 'aqProf.dll' does not exist
LogWindows: Failed to load 'VtuneApi.dll' (GetLastError=126)
LogWindows: File 'VtuneApi.dll' does not exist
LogWindows: Failed to load 'VtuneApi32e.dll' (GetLastError=126)
LogWindows: File 'VtuneApi32e.dll' does not exist
LogConsoleResponse: Display: Failed to find resolution value strings in scalability ini. Falling back to default.
LogConsoleResponse: Display: Failed to find resolution value strings in scalability ini. Falling back to default.
LogInit: Display: Running engine for game: Platformer3D
LogPlatformFile: Not using cached read wrapper
LogTaskGraph: Started task graph with 5 named threads and 35 total threads with 3 sets of task threads.
LogStats: Stats thread started at 0.609244
LogICUInternationalization: ICU TimeZone Detection - Raw Offset: +1:00, Platform Override: ''
LogInit: Display: Loading text-based GConfig....
LogPluginManager: Mounting plugin MeshPainting
LogPluginManager: Mounting plugin XGEController
LogPluginManager: Mounting plugin Paper2D
LogPluginManager: Mounting plugin EnvironmentQueryEditor
LogPluginManager: Mounting plugin AISupport
LogPluginManager: Mounting plugin LiveLink
LogPluginManager: Mounting plugin CameraShakePreviewer
LogPluginManager: Mounting plugin GameplayCameras
LogPluginManager: Mounting plugin OodleData
LogPluginManager: Mounting plugin LightPropagationVolume
LogPluginManager: Mounting plugin OodleNetwork
LogPluginManager: Mounting plugin CodeLiteSourceCodeAccess
LogPluginManager: Mounting plugin AnimationSharing
LogPluginManager: Mounting plugin CLionSourceCodeAccess
LogPluginManager: Mounting plugin KDevelopSourceCodeAccess
LogPluginManager: Mounting plugin GitSourceControl
LogPluginManager: Mounting plugin NullSourceCodeAccess
LogPluginManager: Mounting plugin PixWinPlugin
LogPluginManager: Mounting plugin PerforceSourceControl
LogPluginManager: Mounting plugin PluginUtils
LogPluginManager: Mounting plugin PlasticSourceControl
LogPluginManager: Mounting plugin PropertyAccessNode
LogPluginManager: Mounting plugin SubversionSourceControl
LogPluginManager: Mounting plugin RiderSourceCodeAccess
LogPluginManager: Mounting plugin TextureFormatOodle
LogPluginManager: Mounting plugin AssetManagerEditor
LogPluginManager: Mounting plugin UObjectPlugin
LogPluginManager: Mounting plugin CryptoKeys
LogPluginManager: Mounting plugin CurveEditorTools
LogPluginManager: Mounting plugin DataValidation
LogPluginManager: Mounting plugin GeometryMode
LogPluginManager: Mounting plugin GameplayTagsEditor
LogPluginManager: Mounting plugin FacialAnimation
LogPluginManager: Mounting plugin MacGraphicsSwitching
LogPluginManager: Mounting plugin MaterialAnalyzer
LogPluginManager: Mounting plugin VisualStudioCodeSourceCodeAccess
LogPluginManager: Mounting plugin VisualStudioSourceCodeAccess
LogPluginManager: Mounting plugin SpeedTreeImporter
LogPluginManager: Mounting plugin XCodeSourceCodeAccess
LogPluginManager: Mounting plugin MobileLauncherProfileWizard
LogPluginManager: Mounting plugin PluginBrowser
LogPluginManager: Mounting plugin DatasmithContent
LogPluginManager: Mounting plugin VariantManagerContent
LogPluginManager: Mounting plugin AlembicImporter
LogPluginManager: Mounting plugin AutomationUtils
LogPluginManager: Mounting plugin BackChannel
LogPluginManager: Mounting plugin ChaosClothEditor
LogPluginManager: Mounting plugin ChaosCloth
LogPluginManager: Mounting plugin ChaosEditor
LogPluginManager: Mounting plugin ChaosNiagara
LogPluginManager: Mounting plugin CharacterAI
LogPluginManager: Mounting plugin ChaosSolverPlugin
LogPluginManager: Mounting plugin Niagara
LogPluginManager: Mounting plugin LuminPlatformFeatures
LogPluginManager: Mounting plugin MagicLeap
LogPluginManager: Mounting plugin MagicLeapLightEstimation
LogPluginManager: Mounting plugin MagicLeapMedia
LogPluginManager: Mounting plugin GeometryCache
LogPluginManager: Mounting plugin MLSDK
LogPluginManager: Mounting plugin MagicLeapPassableWorld
LogPluginManager: Mounting plugin GeometryCollectionPlugin
LogPluginManager: Mounting plugin GeometryProcessing
LogPluginManager: Mounting plugin OpenImageDenoise
LogPluginManager: Mounting plugin MotoSynth
LogPluginManager: Mounting plugin PlanarCut
LogPluginManager: Mounting plugin PlatformCrypto
LogPluginManager: Mounting plugin ProxyLODPlugin
LogPluginManager: Mounting plugin PythonScriptPlugin
LogPluginManager: Mounting plugin SkeletalReduction
LogPluginManager: Mounting plugin AndroidMedia
LogPluginManager: Mounting plugin AvfMedia
LogPluginManager: Mounting plugin ImgMedia
LogPluginManager: Mounting plugin MediaCompositing
LogPluginManager: Mounting plugin MediaPlayerEditor
LogPluginManager: Mounting plugin WebMMedia
LogPluginManager: Mounting plugin WmfMedia
LogPluginManager: Mounting plugin TcpMessaging
LogPluginManager: Mounting plugin UdpMessaging
LogPluginManager: Mounting plugin ActorSequence
LogPluginManager: Mounting plugin MatineeToLevelSequence
LogPluginManager: Mounting plugin LevelSequenceEditor
LogPluginManager: Mounting plugin TemplateSequence
LogPluginManager: Mounting plugin OnlineSubsystem
LogPluginManager: Mounting plugin OnlineSubsystemNull
LogPluginManager: Mounting plugin LauncherChunkInstaller
LogPluginManager: Mounting plugin ActorLayerUtilities
LogPluginManager: Mounting plugin OnlineSubsystemUtils
LogPluginManager: Mounting plugin AndroidMoviePlayer
LogPluginManager: Mounting plugin AndroidPermission
LogPluginManager: Mounting plugin AndroidDeviceProfileSelector
LogPluginManager: Mounting plugin AppleImageUtils
LogPluginManager: Mounting plugin AppleMoviePlayer
LogPluginManager: Mounting plugin ArchVisCharacter
LogPluginManager: Mounting plugin AudioCapture
LogPluginManager: Mounting plugin AssetTags
LogPluginManager: Mounting plugin AudioSynesthesia
LogPluginManager: Mounting plugin CableComponent
LogPluginManager: Mounting plugin ChunkDownloader
LogPluginManager: Mounting plugin CustomMeshComponent
LogPluginManager: Mounting plugin EditableMesh
LogPluginManager: Mounting plugin ExampleDeviceProfileSelector
LogPluginManager: Mounting plugin GoogleCloudMessaging
LogPluginManager: Mounting plugin GooglePAD
LogPluginManager: Mounting plugin IOSDeviceProfileSelector
LogPluginManager: Mounting plugin LinuxDeviceProfileSelector
LogPluginManager: Mounting plugin LocationServicesBPLibrary
LogPluginManager: Mounting plugin MobilePatchingUtils
LogPluginManager: Mounting plugin OpenXREyeTracker
LogPluginManager: Mounting plugin OpenXR
LogPluginManager: Mounting plugin OpenXRHandTracking
LogPluginManager: Mounting plugin PostSplashScreen
LogPluginManager: Mounting plugin PhysXVehicles
LogPluginManager: Mounting plugin ProceduralMeshComponent
LogPluginManager: Mounting plugin PropertyAccessEditor
LogPluginManager: Mounting plugin RuntimePhysXCooking
LogPluginManager: Mounting plugin SignificanceManager
LogPluginManager: Mounting plugin SoundFields
LogPluginManager: Mounting plugin Synthesis
LogPluginManager: Mounting plugin WebMMoviePlayer
LogPluginManager: Mounting plugin WindowsMoviePlayer
LogPluginManager: Mounting plugin ScreenshotTools
LogPluginManager: Mounting plugin Takes
LogPluginManager: Mounting plugin ContentBrowserAssetDataSource
LogPluginManager: Mounting plugin ContentBrowserClassDataSource
LogPluginManager: Mounting plugin ContentBrowserFileDataSource
LogPluginManager: Mounting plugin OnlineSubsystemGooglePlay
LogPluginManager: Mounting plugin OnlineSubsystemIOS
LogPluginManager: Mounting plugin OculusVR
LogPluginManager: Mounting plugin SteamVR
PixWinPlugin: PIX capture plugin failed to initialize! Check that the process is launched from PIX.
LogInit: Using libcurl 7.55.1-DEV
LogInit:  - built for x86_64-pc-win32
LogInit:  - supports SSL with OpenSSL/1.1.1
LogInit:  - supports HTTP deflate (compression) using libz 1.2.8
LogInit:  - other features:
LogInit:      CURL_VERSION_SSL
LogInit:      CURL_VERSION_LIBZ
LogInit:      CURL_VERSION_IPV6
LogInit:      CURL_VERSION_ASYNCHDNS
LogInit:      CURL_VERSION_LARGEFILE
LogInit:      CURL_VERSION_IDN
LogInit:  CurlRequestOptions (configurable via config and command line):
LogInit:  - bVerifyPeer = true  - Libcurl will verify peer certificate
LogInit:  - bUseHttpProxy = false  - Libcurl will NOT use HTTP proxy
LogInit:  - bDontReuseConnections = false  - Libcurl will reuse connections
LogInit:  - MaxHostConnections = 16  - Libcurl will limit the number of connections to a host
LogInit:  - LocalHostAddr = Default
LogInit:  - BufferSize = 65536
LogOnline: OSS: Creating online subsystem instance for: NULL
LogInit: WinSock: version 1.1 (2.2), MaxSocks=32767, MaxUdp=65467
LogOnline: OSS: TryLoadSubsystemAndSetDefault: Loaded subsystem for module [NULL]
LogOculusPluginWrapper: OculusPlugin initialized successfully
LogHMD: Failed initializing OVRPlugin 1.59.0
LogInit: Build: ++UE4+Release-4.27-CL-18319896
LogInit: Engine Version: 4.27.2-18319896+++UE4+Release-4.27
LogInit: Compatible Engine Version: 4.27.0-17155196+++UE4+Release-4.27
LogInit: Net CL: 17155196
LogInit: OS: Windows 10 (Release 2009) (), CPU: AMD Ryzen 5 2600 Six-Core Processor            , GPU: NVIDIA GeForce RTX 2070 SUPER
LogInit: Compiled (64-bit): Nov 30 2021 07:12:08
LogInit: Compiled with Visual C++: 19.24.28315.00
LogInit: Build Configuration: Development
LogInit: Branch Name: ++UE4+Release-4.27
LogInit: Command Line: 
LogInit: Base Directory: C:/Program Files/Epic Games/UE_4.27/Engine/Binaries/Win64/
LogInit: Allocator: TBB
LogInit: Installed Engine Build: 1
LogDevObjectVersion: Number of dev versions registered: 29
LogDevObjectVersion:   Dev-Blueprints (B0D832E4-1F89-4F0D-ACCF-7EB736FD4AA2): 10
LogDevObjectVersion:   Dev-Build (E1C64328-A22C-4D53-A36C-8E866417BD8C): 0
LogDevObjectVersion:   Dev-Core (375EC13C-06E4-48FB-B500-84F0262A717E): 4
LogDevObjectVersion:   Dev-Editor (E4B068ED-F494-42E9-A231-DA0B2E46BB41): 40
LogDevObjectVersion:   Dev-Framework (CFFC743F-43B0-4480-9391-14DF171D2073): 37
LogDevObjectVersion:   Dev-Mobile (B02B49B5-BB20-44E9-A304-32B752E40360): 3
LogDevObjectVersion:   Dev-Networking (A4E4105C-59A1-49B5-A7C5-40C4547EDFEE): 0
LogDevObjectVersion:   Dev-Online (39C831C9-5AE6-47DC-9A44-9C173E1C8E7C): 0
LogDevObjectVersion:   Dev-Physics (78F01B33-EBEA-4F98-B9B4-84EACCB95AA2): 14
LogDevObjectVersion:   Dev-Platform (6631380F-2D4D-43E0-8009-CF276956A95A): 0
LogDevObjectVersion:   Dev-Rendering (12F88B9F-8875-4AFC-A67C-D90C383ABD29): 45
LogDevObjectVersion:   Dev-Sequencer (7B5AE74C-D270-4C10-A958-57980B212A5A): 13
LogDevObjectVersion:   Dev-VR (D7296918-1DD6-4BDD-9DE2-64A83CC13884): 3
LogDevObjectVersion:   Dev-LoadTimes (C2A15278-BFE7-4AFE-6C17-90FF531DF755): 1
LogDevObjectVersion:   Private-Geometry (6EACA3D4-40EC-4CC1-B786-8BED09428FC5): 3
LogDevObjectVersion:   Dev-AnimPhys (29E575DD-E0A3-4627-9D10-D276232CDCEA): 17
LogDevObjectVersion:   Dev-Anim (AF43A65D-7FD3-4947-9873-3E8ED9C1BB05): 15
LogDevObjectVersion:   Dev-ReflectionCapture (6B266CEC-1EC7-4B8F-A30B-E4D90942FC07): 1
LogDevObjectVersion:   Dev-Automation (0DF73D61-A23F-47EA-B727-89E90C41499A): 1
LogDevObjectVersion:   FortniteMain (601D1886-AC64-4F84-AA16-D3DE0DEAC7D6): 47
LogDevObjectVersion:   FortniteRelease (E7086368-6B23-4C58-8439-1B7016265E91): 1
LogDevObjectVersion:   Dev-Enterprise (9DFFBCD6-494F-0158-E221-12823C92A888): 10
LogDevObjectVersion:   Dev-Niagara (F2AED0AC-9AFE-416F-8664-AA7FFA26D6FC): 1
LogDevObjectVersion:   Dev-Destruction (174F1F0B-B4C6-45A5-B13F-2EE8D0FB917D): 10
LogDevObjectVersion:   Dev-Physics-Ext (35F94A83-E258-406C-A318-09F59610247C): 41
LogDevObjectVersion:   Dev-PhysicsMaterial-Chaos (B68FC16E-8B1B-42E2-B453-215C058844FE): 1
LogDevObjectVersion:   Dev-CineCamera (B2E18506-4273-CFC2-A54E-F4BB758BBA07): 1
LogDevObjectVersion:   Dev-VirtualProduction (64F58936-FD1B-42BA-BA96-7289D5D0FA4E): 1
LogDevObjectVersion:   Dev-MediaFramework (6F0ED827-A609-4895-9C91-998D90180EA4): 2
LogInit: Presizing for max 25165824 objects, including 0 objects not considered by GC, pre-allocating 0 bytes for permanent pool.
LogConfig: Applying CVar settings from Section [/Script/Engine.StreamingSettings] File [C:/Users/Paki/Documents/GitHub/Unreal-Engine_3D-Platformer/Platformer3D/Saved/Config/Windows/Engine.ini]
LogConfig: Setting CVar [[s.MinBulkDataSizeForAsyncLoading:131072]]
LogConfig: Setting CVar [[s.AsyncLoadingThreadEnabled:0]]
LogConfig: Setting CVar [[s.EventDrivenLoaderEnabled:1]]
LogConfig: Setting CVar [[s.WarnIfTimeLimitExceeded:0]]
LogConfig: Setting CVar [[s.TimeLimitExceededMultiplier:1.5]]
LogConfig: Setting CVar [[s.TimeLimitExceededMinTime:0.005]]
LogConfig: Setting CVar [[s.UseBackgroundLevelStreaming:1]]
LogConfig: Setting CVar [[s.PriorityAsyncLoadingExtraTime:15.0]]
LogConfig: Setting CVar [[s.LevelStreamingActorsUpdateTimeLimit:5.0]]
LogConfig: Setting CVar [[s.PriorityLevelStreamingActorsUpdateExtraTime:5.0]]
LogConfig: Setting CVar [[s.LevelStreamingComponentsRegistrationGranularity:10]]
LogConfig: Setting CVar [[s.UnregisterComponentsTimeLimit:1.0]]
LogConfig: Setting CVar [[s.LevelStreamingComponentsUnregistrationGranularity:5]]
LogConfig: Setting CVar [[s.FlushStreamingOnExit:1]]
LogInit: Object subsystem initialized
LogConfig: Setting CVar [[con.DebugEarlyDefault:1]]
LogConfig: Setting CVar [[r.setres:1280x720]]
[2022.03.17-10.06.27:986][  0]LogConfig: Setting CVar [[r.VSync:0]]
[2022.03.17-10.06.27:986][  0]LogConfig: Setting CVar [[r.RHICmdBypass:0]]
[2022.03.17-10.06.27:986][  0]LogConfig: Applying CVar settings from Section [/Script/Engine.RendererSettings] File [C:/Users/Paki/Documents/GitHub/Unreal-Engine_3D-Platformer/Platformer3D/Saved/Config/Windows/Engine.ini]
[2022.03.17-10.06.27:986][  0]LogConfig: Setting CVar [[r.GPUCrashDebugging:0]]
[2022.03.17-10.06.27:986][  0]LogConfig: Applying CVar settings from Section [/Script/Engine.RendererOverrideSettings] File [C:/Users/Paki/Documents/GitHub/Unreal-Engine_3D-Platformer/Platformer3D/Saved/Config/Windows/Engine.ini]
[2022.03.17-10.06.27:986][  0]LogConfig: Applying CVar settings from Section [/Script/Engine.StreamingSettings] File [C:/Users/Paki/Documents/GitHub/Unreal-Engine_3D-Platformer/Platformer3D/Saved/Config/Windows/Engine.ini]
[2022.03.17-10.06.27:986][  0]LogConfig: Setting CVar [[s.MinBulkDataSizeForAsyncLoading:131072]]
[2022.03.17-10.06.27:986][  0]LogConfig: Setting CVar [[s.AsyncLoadingThreadEnabled:0]]
[2022.03.17-10.06.27:986][  0]LogConfig: Setting CVar [[s.EventDrivenLoaderEnabled:1]]
[2022.03.17-10.06.27:986][  0]LogConfig: Setting CVar [[s.WarnIfTimeLimitExceeded:0]]
[2022.03.17-10.06.27:986][  0]LogConfig: Setting CVar [[s.TimeLimitExceededMultiplier:1.5]]
[2022.03.17-10.06.27:986][  0]LogConfig: Setting CVar [[s.TimeLimitExceededMinTime:0.005]]
[2022.03.17-10.06.27:986][  0]LogConfig: Setting CVar [[s.UseBackgroundLevelStreaming:1]]
[2022.03.17-10.06.27:986][  0]LogConfig: Setting CVar [[s.PriorityAsyncLoadingExtraTime:15.0]]
[2022.03.17-10.06.27:986][  0]LogConfig: Setting CVar [[s.LevelStreamingActorsUpdateTimeLimit:5.0]]
[2022.03.17-10.06.27:986][  0]LogConfig: Setting CVar [[s.PriorityLevelStreamingActorsUpdateExtraTime:5.0]]
[2022.03.17-10.06.27:986][  0]LogConfig: Setting CVar [[s.LevelStreamingComponentsRegistrationGranularity:10]]
[2022.03.17-10.06.27:986][  0]LogConfig: Setting CVar [[s.UnregisterComponentsTimeLimit:1.0]]
[2022.03.17-10.06.27:986][  0]LogConfig: Setting CVar [[s.LevelStreamingComponentsUnregistrationGranularity:5]]
[2022.03.17-10.06.27:986][  0]LogConfig: Setting CVar [[s.FlushStreamingOnExit:1]]
[2022.03.17-10.06.27:986][  0]LogConfig: Applying CVar settings from Section [/Script/Engine.GarbageCollectionSettings] File [C:/Users/Paki/Documents/GitHub/Unreal-Engine_3D-Platformer/Platformer3D/Saved/Config/Windows/Engine.ini]
[2022.03.17-10.06.27:987][  0]LogConfig: Setting CVar [[gc.MaxObjectsNotConsideredByGC:1]]
[2022.03.17-10.06.27:987][  0]LogConfig: Setting CVar [[gc.SizeOfPermanentObjectPool:0]]
[2022.03.17-10.06.27:987][  0]LogConfig: Setting CVar [[gc.FlushStreamingOnGC:0]]
[2022.03.17-10.06.27:987][  0]LogConfig: Setting CVar [[gc.NumRetriesBeforeForcingGC:10]]
[2022.03.17-10.06.27:987][  0]LogConfig: Setting CVar [[gc.AllowParallelGC:1]]
[2022.03.17-10.06.27:987][  0]LogConfig: Setting CVar [[gc.TimeBetweenPurgingPendingKillObjects:61.1]]
[2022.03.17-10.06.27:987][  0]LogConfig: Setting CVar [[gc.MaxObjectsInEditor:25165824]]
[2022.03.17-10.06.27:987][  0]LogConfig: Setting CVar [[gc.IncrementalBeginDestroyEnabled:1]]
[2022.03.17-10.06.27:987][  0]LogConfig: Setting CVar [[gc.CreateGCClusters:1]]
[2022.03.17-10.06.27:987][  0]LogConfig: Setting CVar [[gc.MinGCClusterSize:5]]
[2022.03.17-10.06.27:987][  0]LogConfig: Setting CVar [[gc.ActorClusteringEnabled:0]]
[2022.03.17-10.06.27:987][  0]LogConfig: Setting CVar [[gc.BlueprintClusteringEnabled:0]]
[2022.03.17-10.06.27:987][  0]LogConfig: Setting CVar [[gc.UseDisregardForGCOnDedicatedServers:0]]
[2022.03.17-10.06.27:987][  0]LogConfig: Setting CVar [[gc.MultithreadedDestructionEnabled:1]]
[2022.03.17-10.06.27:987][  0]LogConfig: Applying CVar settings from Section [/Script/Engine.NetworkSettings] File [C:/Users/Paki/Documents/GitHub/Unreal-Engine_3D-Platformer/Platformer3D/Saved/Config/Windows/Engine.ini]
[2022.03.17-10.06.27:987][  0]LogConfig: Applying CVar settings from Section [/Script/UnrealEd.CookerSettings] File [C:/Users/Paki/Documents/GitHub/Unreal-Engine_3D-Platformer/Platformer3D/Saved/Config/Windows/Engine.ini]
[2022.03.17-10.06.28:003][  0]LogConfig: Applying CVar settings from Section [ViewDistanceQuality@3] File [C:/Users/Paki/Documents/GitHub/Unreal-Engine_3D-Platformer/Platformer3D/Saved/Config/Windows/Scalability.ini]
[2022.03.17-10.06.28:003][  0]LogConfig: Setting CVar [[r.SkeletalMeshLODBias:0]]
[2022.03.17-10.06.28:003][  0]LogConfig: Setting CVar [[r.ViewDistanceScale:1.0]]
[2022.03.17-10.06.28:003][  0]LogConfig: Applying CVar settings from Section [AntiAliasingQuality@3] File [C:/Users/Paki/Documents/GitHub/Unreal-Engine_3D-Platformer/Platformer3D/Saved/Config/Windows/Scalability.ini]
[2022.03.17-10.06.28:003][  0]LogConfig: Setting CVar [[r.PostProcessAAQuality:4]]
[2022.03.17-10.06.28:003][  0]LogConfig: Applying CVar settings from Section [ShadowQuality@3] File [C:/Users/Paki/Documents/GitHub/Unreal-Engine_3D-Platformer/Platformer3D/Saved/Config/Windows/Scalability.ini]
[2022.03.17-10.06.28:003][  0]LogConfig: Setting CVar [[r.LightFunctionQuality:1]]
[2022.03.17-10.06.28:003][  0]LogConfig: Setting CVar [[r.ShadowQuality:5]]
[2022.03.17-10.06.28:003][  0]LogConfig: Setting CVar [[r.Shadow.CSM.MaxCascades:10]]
[2022.03.17-10.06.28:003][  0]LogConfig: Setting CVar [[r.Shadow.MaxResolution:2048]]
[2022.03.17-10.06.28:003][  0]LogConfig: Setting CVar [[r.Shadow.MaxCSMResolution:2048]]
[2022.03.17-10.06.28:003][  0]LogConfig: Setting CVar [[r.Shadow.RadiusThreshold:0.01]]
[2022.03.17-10.06.28:003][  0]LogConfig: Setting CVar [[r.Shadow.DistanceScale:1.0]]
[2022.03.17-10.06.28:003][  0]LogConfig: Setting CVar [[r.Shadow.CSM.TransitionScale:1.0]]
[2022.03.17-10.06.28:003][  0]LogConfig: Setting CVar [[r.Shadow.PreShadowResolutionFactor:1.0]]
[2022.03.17-10.06.28:003][  0]LogConfig: Setting CVar [[r.DistanceFieldShadowing:1]]
[2022.03.17-10.06.28:003][  0]LogConfig: Setting CVar [[r.DistanceFieldAO:1]]
[2022.03.17-10.06.28:003][  0]LogConfig: Setting CVar [[r.AOQuality:2]]
[2022.03.17-10.06.28:003][  0]LogConfig: Setting CVar [[r.VolumetricFog:1]]
[2022.03.17-10.06.28:003][  0]LogConfig: Setting CVar [[r.VolumetricFog.GridPixelSize:8]]
[2022.03.17-10.06.28:003][  0]LogConfig: Setting CVar [[r.VolumetricFog.GridSizeZ:128]]
[2022.03.17-10.06.28:003][  0]LogConfig: Setting CVar [[r.VolumetricFog.HistoryMissSupersampleCount:4]]
[2022.03.17-10.06.28:003][  0]LogConfig: Setting CVar [[r.LightMaxDrawDistanceScale:1]]
[2022.03.17-10.06.28:003][  0]LogConfig: Setting CVar [[r.CapsuleShadows:1]]
[2022.03.17-10.06.28:003][  0]LogConfig: Applying CVar settings from Section [PostProcessQuality@3] File [C:/Users/Paki/Documents/GitHub/Unreal-Engine_3D-Platformer/Platformer3D/Saved/Config/Windows/Scalability.ini]
[2022.03.17-10.06.28:003][  0]LogConfig: Setting CVar [[r.MotionBlurQuality:4]]
[2022.03.17-10.06.28:003][  0]LogConfig: Setting CVar [[r.AmbientOcclusionMipLevelFactor:0.4]]
[2022.03.17-10.06.28:003][  0]LogConfig: Setting CVar [[r.AmbientOcclusionMaxQuality:100]]
[2022.03.17-10.06.28:003][  0]LogConfig: Setting CVar [[r.AmbientOcclusionLevels:-1]]
[2022.03.17-10.06.28:003][  0]LogConfig: Setting CVar [[r.AmbientOcclusionRadiusScale:1.0]]
[2022.03.17-10.06.28:003][  0]LogConfig: Setting CVar [[r.DepthOfFieldQuality:2]]
[2022.03.17-10.06.28:003][  0]LogConfig: Setting CVar [[r.RenderTargetPoolMin:400]]
[2022.03.17-10.06.28:003][  0]LogConfig: Setting CVar [[r.LensFlareQuality:2]]
[2022.03.17-10.06.28:003][  0]LogConfig: Setting CVar [[r.SceneColorFringeQuality:1]]
[2022.03.17-10.06.28:003][  0]LogConfig: Setting CVar [[r.EyeAdaptationQuality:2]]
[2022.03.17-10.06.28:003][  0]LogConfig: Setting CVar [[r.BloomQuality:5]]
[2022.03.17-10.06.28:003][  0]LogConfig: Setting CVar [[r.FastBlurThreshold:100]]
[2022.03.17-10.06.28:003][  0]LogConfig: Setting CVar [[r.Upscale.Quality:3]]
[2022.03.17-10.06.28:003][  0]LogConfig: Setting CVar [[r.Tonemapper.GrainQuantization:1]]
[2022.03.17-10.06.28:003][  0]LogConfig: Setting CVar [[r.LightShaftQuality:1]]
[2022.03.17-10.06.28:003][  0]LogConfig: Setting CVar [[r.Filter.SizeScale:1]]
[2022.03.17-10.06.28:003][  0]LogConfig: Setting CVar [[r.Tonemapper.Quality:5]]
[2022.03.17-10.06.28:003][  0]LogConfig: Setting CVar [[r.DOF.Gather.AccumulatorQuality:1        ; higher gathering accumulator quality]]
[2022.03.17-10.06.28:003][  0]LogConfig: Setting CVar [[r.DOF.Gather.PostfilterMethod:1          ; Median3x3 postfilering method]]
[2022.03.17-10.06.28:003][  0]LogConfig: Setting CVar [[r.DOF.Gather.EnableBokehSettings:0       ; no bokeh simulation when gathering]]
[2022.03.17-10.06.28:003][  0]LogConfig: Setting CVar [[r.DOF.Gather.RingCount:4                 ; medium number of samples when gathering]]
[2022.03.17-10.06.28:003][  0]LogConfig: Setting CVar [[r.DOF.Scatter.ForegroundCompositing:1    ; additive foreground scattering]]
[2022.03.17-10.06.28:003][  0]LogConfig: Setting CVar [[r.DOF.Scatter.BackgroundCompositing:2    ; additive background scattering]]
[2022.03.17-10.06.28:003][  0]LogConfig: Setting CVar [[r.DOF.Scatter.EnableBokehSettings:1      ; bokeh simulation when scattering]]
[2022.03.17-10.06.28:003][  0]LogConfig: Setting CVar [[r.DOF.Scatter.MaxSpriteRatio:0.1         ; only a maximum of 10% of scattered bokeh]]
[2022.03.17-10.06.28:003][  0]LogConfig: Setting CVar [[r.DOF.Recombine.Quality:1                ; cheap slight out of focus]]
[2022.03.17-10.06.28:003][  0]LogConfig: Setting CVar [[r.DOF.Recombine.EnableBokehSettings:0    ; no bokeh simulation on slight out of focus]]
[2022.03.17-10.06.28:003][  0]LogConfig: Setting CVar [[r.DOF.TemporalAAQuality:1                ; more stable temporal accumulation]]
[2022.03.17-10.06.28:003][  0]LogConfig: Setting CVar [[r.DOF.Kernel.MaxForegroundRadius:0.025]]
[2022.03.17-10.06.28:003][  0]LogConfig: Setting CVar [[r.DOF.Kernel.MaxBackgroundRadius:0.025]]
[2022.03.17-10.06.28:003][  0]LogConfig: Applying CVar settings from Section [TextureQuality@3] File [C:/Users/Paki/Documents/GitHub/Unreal-Engine_3D-Platformer/Platformer3D/Saved/Config/Windows/Scalability.ini]
[2022.03.17-10.06.28:003][  0]LogConfig: Setting CVar [[r.Streaming.MipBias:0]]
[2022.03.17-10.06.28:003][  0]LogConfig: Setting CVar [[r.Streaming.AmortizeCPUToGPUCopy:0]]
[2022.03.17-10.06.28:003][  0]LogConfig: Setting CVar [[r.Streaming.MaxNumTexturesToStreamPerFrame:0]]
[2022.03.17-10.06.28:003][  0]LogConfig: Setting CVar [[r.Streaming.Boost:1]]
[2022.03.17-10.06.28:003][  0]LogConfig: Setting CVar [[r.MaxAnisotropy:8]]
[2022.03.17-10.06.28:003][  0]LogConfig: Setting CVar [[r.VT.MaxAnisotropy:8]]
[2022.03.17-10.06.28:003][  0]LogConfig: Setting CVar [[r.Streaming.LimitPoolSizeToVRAM:0]]
[2022.03.17-10.06.28:003][  0]LogConfig: Setting CVar [[r.Streaming.PoolSize:1000]]
[2022.03.17-10.06.28:003][  0]LogConfig: Setting CVar [[r.Streaming.MaxEffectiveScreenSize:0]]
[2022.03.17-10.06.28:003][  0]LogConfig: Applying CVar settings from Section [EffectsQuality@3] File [C:/Users/Paki/Documents/GitHub/Unreal-Engine_3D-Platformer/Platformer3D/Saved/Config/Windows/Scalability.ini]
[2022.03.17-10.06.28:003][  0]LogConfig: Setting CVar [[r.TranslucencyLightingVolumeDim:64]]
[2022.03.17-10.06.28:003][  0]LogConfig: Setting CVar [[r.RefractionQuality:2]]
[2022.03.17-10.06.28:003][  0]LogConfig: Setting CVar [[r.SSR.Quality:3]]
[2022.03.17-10.06.28:003][  0]LogConfig: Setting CVar [[r.SSR.HalfResSceneColor:0]]
[2022.03.17-10.06.28:003][  0]LogConfig: Setting CVar [[r.SceneColorFormat:4]]
[2022.03.17-10.06.28:004][  0]LogConfig: Setting CVar [[r.DetailMode:2]]
[2022.03.17-10.06.28:004][  0]LogConfig: Setting CVar [[r.TranslucencyVolumeBlur:1]]
[2022.03.17-10.06.28:004][  0]LogConfig: Setting CVar [[r.MaterialQualityLevel:1 ; High quality]]
[2022.03.17-10.06.28:004][  0]LogConfig: Setting CVar [[r.AnisotropicMaterials:1]]
[2022.03.17-10.06.28:004][  0]LogConfig: Setting CVar [[r.SSS.Scale:1]]
[2022.03.17-10.06.28:004][  0]LogConfig: Setting CVar [[r.SSS.SampleSet:2]]
[2022.03.17-10.06.28:004][  0]LogConfig: Setting CVar [[r.SSS.Quality:1]]
[2022.03.17-10.06.28:004][  0]LogConfig: Setting CVar [[r.SSS.HalfRes:0]]
[2022.03.17-10.06.28:004][  0]LogConfig: Setting CVar [[r.SSGI.Quality:3]]
[2022.03.17-10.06.28:004][  0]LogConfig: Setting CVar [[r.EmitterSpawnRateScale:1.0]]
[2022.03.17-10.06.28:004][  0]LogConfig: Setting CVar [[r.ParticleLightQuality:2]]
[2022.03.17-10.06.28:004][  0]LogConfig: Setting CVar [[r.SkyAtmosphere.AerialPerspectiveLUT.FastApplyOnOpaque:1 ; Always have FastSkyLUT 1 in this case to avoid wrong sky]]
[2022.03.17-10.06.28:004][  0]LogConfig: Setting CVar [[r.SkyAtmosphere.AerialPerspectiveLUT.SampleCountMaxPerSlice:4]]
[2022.03.17-10.06.28:004][  0]LogConfig: Setting CVar [[r.SkyAtmosphere.AerialPerspectiveLUT.DepthResolution:16.0]]
[2022.03.17-10.06.28:004][  0]LogConfig: Setting CVar [[r.SkyAtmosphere.FastSkyLUT:1]]
[2022.03.17-10.06.28:004][  0]LogConfig: Setting CVar [[r.SkyAtmosphere.FastSkyLUT.SampleCountMin:4.0]]
[2022.03.17-10.06.28:004][  0]LogConfig: Setting CVar [[r.SkyAtmosphere.FastSkyLUT.SampleCountMax:128.0]]
[2022.03.17-10.06.28:004][  0]LogConfig: Setting CVar [[r.SkyAtmosphere.SampleCountMin:4.0]]
[2022.03.17-10.06.28:004][  0]LogConfig: Setting CVar [[r.SkyAtmosphere.SampleCountMax:128.0]]
[2022.03.17-10.06.28:004][  0]LogConfig: Setting CVar [[r.SkyAtmosphere.TransmittanceLUT.UseSmallFormat:0]]
[2022.03.17-10.06.28:004][  0]LogConfig: Setting CVar [[r.SkyAtmosphere.TransmittanceLUT.SampleCount:10.0]]
[2022.03.17-10.06.28:004][  0]LogConfig: Setting CVar [[r.SkyAtmosphere.MultiScatteringLUT.SampleCount:15.0]]
[2022.03.17-10.06.28:004][  0]LogConfig: Setting CVar [[r.SkyLight.RealTimeReflectionCapture:1]]
[2022.03.17-10.06.28:004][  0]LogConfig: Applying CVar settings from Section [FoliageQuality@3] File [C:/Users/Paki/Documents/GitHub/Unreal-Engine_3D-Platformer/Platformer3D/Saved/Config/Windows/Scalability.ini]
[2022.03.17-10.06.28:004][  0]LogConfig: Setting CVar [[foliage.DensityScale:1.0]]
[2022.03.17-10.06.28:004][  0]LogConfig: Setting CVar [[grass.DensityScale:1.0]]
[2022.03.17-10.06.28:004][  0]LogConfig: Applying CVar settings from Section [ShadingQuality@3] File [C:/Users/Paki/Documents/GitHub/Unreal-Engine_3D-Platformer/Platformer3D/Saved/Config/Windows/Scalability.ini]
[2022.03.17-10.06.28:004][  0]LogConfig: Setting CVar [[r.HairStrands.SkyLighting.IntegrationType:2]]
[2022.03.17-10.06.28:004][  0]LogConfig: Setting CVar [[r.HairStrands.SkyAO.SampleCount:4]]
[2022.03.17-10.06.28:004][  0]LogConfig: Setting CVar [[r.HairStrands.Visibility.MSAA.SamplePerPixel:4]]
[2022.03.17-10.06.28:004][  0]LogInit: Selected Device Profile: [Windows]
[2022.03.17-10.06.28:004][  0]LogInit: Applying CVar settings loaded from the selected device profile: [Windows]
[2022.03.17-10.06.28:004][  0]LogHAL: Display: Platform has ~ 16 GB [17107714048 / 17179869184 / 16], which maps to Larger [LargestMinGB=32, LargerMinGB=12, DefaultMinGB=8, SmallerMinGB=6, SmallestMinGB=0)
[2022.03.17-10.06.28:004][  0]LogInit: Going up to parent DeviceProfile []
[2022.03.17-10.06.28:004][  0]LogConfig: Applying CVar settings from Section [ViewDistanceQuality@3] File [C:/Users/Paki/Documents/GitHub/Unreal-Engine_3D-Platformer/Platformer3D/Saved/Config/Windows/Scalability.ini]
[2022.03.17-10.06.28:004][  0]LogConfig: Setting CVar [[r.SkeletalMeshLODBias:0]]
[2022.03.17-10.06.28:004][  0]LogConfig: Setting CVar [[r.ViewDistanceScale:1.0]]
[2022.03.17-10.06.28:004][  0]LogConfig: Applying CVar settings from Section [AntiAliasingQuality@3] File [C:/Users/Paki/Documents/GitHub/Unreal-Engine_3D-Platformer/Platformer3D/Saved/Config/Windows/Scalability.ini]
[2022.03.17-10.06.28:004][  0]LogConfig: Setting CVar [[r.PostProcessAAQuality:4]]
[2022.03.17-10.06.28:004][  0]LogConfig: Applying CVar settings from Section [ShadowQuality@3] File [C:/Users/Paki/Documents/GitHub/Unreal-Engine_3D-Platformer/Platformer3D/Saved/Config/Windows/Scalability.ini]
[2022.03.17-10.06.28:004][  0]LogConfig: Setting CVar [[r.LightFunctionQuality:1]]
[2022.03.17-10.06.28:004][  0]LogConfig: Setting CVar [[r.ShadowQuality:5]]
[2022.03.17-10.06.28:004][  0]LogConfig: Setting CVar [[r.Shadow.CSM.MaxCascades:10]]
[2022.03.17-10.06.28:004][  0]LogConfig: Setting CVar [[r.Shadow.MaxResolution:2048]]
[2022.03.17-10.06.28:004][  0]LogConfig: Setting CVar [[r.Shadow.MaxCSMResolution:2048]]
[2022.03.17-10.06.28:004][  0]LogConfig: Setting CVar [[r.Shadow.RadiusThreshold:0.01]]
[2022.03.17-10.06.28:004][  0]LogConfig: Setting CVar [[r.Shadow.DistanceScale:1.0]]
[2022.03.17-10.06.28:004][  0]LogConfig: Setting CVar [[r.Shadow.CSM.TransitionScale:1.0]]
[2022.03.17-10.06.28:004][  0]LogConfig: Setting CVar [[r.Shadow.PreShadowResolutionFactor:1.0]]
[2022.03.17-10.06.28:004][  0]LogConfig: Setting CVar [[r.DistanceFieldShadowing:1]]
[2022.03.17-10.06.28:004][  0]LogConfig: Setting CVar [[r.DistanceFieldAO:1]]
[2022.03.17-10.06.28:004][  0]LogConfig: Setting CVar [[r.AOQuality:2]]
[2022.03.17-10.06.28:004][  0]LogConfig: Setting CVar [[r.VolumetricFog:1]]
[2022.03.17-10.06.28:004][  0]LogConfig: Setting CVar [[r.VolumetricFog.GridPixelSize:8]]
[2022.03.17-10.06.28:004][  0]LogConfig: Setting CVar [[r.VolumetricFog.GridSizeZ:128]]
[2022.03.17-10.06.28:004][  0]LogConfig: Setting CVar [[r.VolumetricFog.HistoryMissSupersampleCount:4]]
[2022.03.17-10.06.28:004][  0]LogConfig: Setting CVar [[r.LightMaxDrawDistanceScale:1]]
[2022.03.17-10.06.28:004][  0]LogConfig: Setting CVar [[r.CapsuleShadows:1]]
[2022.03.17-10.06.28:004][  0]LogConfig: Applying CVar settings from Section [PostProcessQuality@3] File [C:/Users/Paki/Documents/GitHub/Unreal-Engine_3D-Platformer/Platformer3D/Saved/Config/Windows/Scalability.ini]
[2022.03.17-10.06.28:004][  0]LogConfig: Setting CVar [[r.MotionBlurQuality:4]]
[2022.03.17-10.06.28:004][  0]LogConfig: Setting CVar [[r.AmbientOcclusionMipLevelFactor:0.4]]
[2022.03.17-10.06.28:004][  0]LogConfig: Setting CVar [[r.AmbientOcclusionMaxQuality:100]]
[2022.03.17-10.06.28:004][  0]LogConfig: Setting CVar [[r.AmbientOcclusionLevels:-1]]
[2022.03.17-10.06.28:004][  0]LogConfig: Setting CVar [[r.AmbientOcclusionRadiusScale:1.0]]
[2022.03.17-10.06.28:004][  0]LogConfig: Setting CVar [[r.DepthOfFieldQuality:2]]
[2022.03.17-10.06.28:004][  0]LogConfig: Setting CVar [[r.RenderTargetPoolMin:400]]
[2022.03.17-10.06.28:004][  0]LogConfig: Setting CVar [[r.LensFlareQuality:2]]
[2022.03.17-10.06.28:004][  0]LogConfig: Setting CVar [[r.SceneColorFringeQuality:1]]
[2022.03.17-10.06.28:004][  0]LogConfig: Setting CVar [[r.EyeAdaptationQuality:2]]
[2022.03.17-10.06.28:004][  0]LogConfig: Setting CVar [[r.BloomQuality:5]]
[2022.03.17-10.06.28:004][  0]LogConfig: Setting CVar [[r.FastBlurThreshold:100]]
[2022.03.17-10.06.28:004][  0]LogConfig: Setting CVar [[r.Upscale.Quality:3]]
[2022.03.17-10.06.28:004][  0]LogConfig: Setting CVar [[r.Tonemapper.GrainQuantization:1]]
[2022.03.17-10.06.28:004][  0]LogConfig: Setting CVar [[r.LightShaftQuality:1]]
[2022.03.17-10.06.28:004][  0]LogConfig: Setting CVar [[r.Filter.SizeScale:1]]
[2022.03.17-10.06.28:004][  0]LogConfig: Setting CVar [[r.Tonemapper.Quality:5]]
[2022.03.17-10.06.28:004][  0]LogConfig: Setting CVar [[r.DOF.Gather.AccumulatorQuality:1        ; higher gathering accumulator quality]]
[2022.03.17-10.06.28:004][  0]LogConfig: Setting CVar [[r.DOF.Gather.PostfilterMethod:1          ; Median3x3 postfilering method]]
[2022.03.17-10.06.28:004][  0]LogConfig: Setting CVar [[r.DOF.Gather.EnableBokehSettings:0       ; no bokeh simulation when gathering]]
[2022.03.17-10.06.28:005][  0]LogConfig: Setting CVar [[r.DOF.Gather.RingCount:4                 ; medium number of samples when gathering]]
[2022.03.17-10.06.28:005][  0]LogConfig: Setting CVar [[r.DOF.Scatter.ForegroundCompositing:1    ; additive foreground scattering]]
[2022.03.17-10.06.28:005][  0]LogConfig: Setting CVar [[r.DOF.Scatter.BackgroundCompositing:2    ; additive background scattering]]
[2022.03.17-10.06.28:005][  0]LogConfig: Setting CVar [[r.DOF.Scatter.EnableBokehSettings:1      ; bokeh simulation when scattering]]
[2022.03.17-10.06.28:005][  0]LogConfig: Setting CVar [[r.DOF.Scatter.MaxSpriteRatio:0.1         ; only a maximum of 10% of scattered bokeh]]
[2022.03.17-10.06.28:005][  0]LogConfig: Setting CVar [[r.DOF.Recombine.Quality:1                ; cheap slight out of focus]]
[2022.03.17-10.06.28:005][  0]LogConfig: Setting CVar [[r.DOF.Recombine.EnableBokehSettings:0    ; no bokeh simulation on slight out of focus]]
[2022.03.17-10.06.28:005][  0]LogConfig: Setting CVar [[r.DOF.TemporalAAQuality:1                ; more stable temporal accumulation]]
[2022.03.17-10.06.28:005][  0]LogConfig: Setting CVar [[r.DOF.Kernel.MaxForegroundRadius:0.025]]
[2022.03.17-10.06.28:005][  0]LogConfig: Setting CVar [[r.DOF.Kernel.MaxBackgroundRadius:0.025]]
[2022.03.17-10.06.28:005][  0]LogConfig: Applying CVar settings from Section [TextureQuality@3] File [C:/Users/Paki/Documents/GitHub/Unreal-Engine_3D-Platformer/Platformer3D/Saved/Config/Windows/Scalability.ini]
[2022.03.17-10.06.28:005][  0]LogConfig: Setting CVar [[r.Streaming.MipBias:0]]
[2022.03.17-10.06.28:005][  0]LogConfig: Setting CVar [[r.Streaming.AmortizeCPUToGPUCopy:0]]
[2022.03.17-10.06.28:005][  0]LogConfig: Setting CVar [[r.Streaming.MaxNumTexturesToStreamPerFrame:0]]
[2022.03.17-10.06.28:005][  0]LogConfig: Setting CVar [[r.Streaming.Boost:1]]
[2022.03.17-10.06.28:005][  0]LogConfig: Setting CVar [[r.MaxAnisotropy:8]]
[2022.03.17-10.06.28:005][  0]LogConfig: Setting CVar [[r.VT.MaxAnisotropy:8]]
[2022.03.17-10.06.28:005][  0]LogConfig: Setting CVar [[r.Streaming.LimitPoolSizeToVRAM:0]]
[2022.03.17-10.06.28:005][  0]LogConfig: Setting CVar [[r.Streaming.PoolSize:1000]]
[2022.03.17-10.06.28:005][  0]LogConfig: Setting CVar [[r.Streaming.MaxEffectiveScreenSize:0]]
[2022.03.17-10.06.28:005][  0]LogConfig: Applying CVar settings from Section [EffectsQuality@3] File [C:/Users/Paki/Documents/GitHub/Unreal-Engine_3D-Platformer/Platformer3D/Saved/Config/Windows/Scalability.ini]
[2022.03.17-10.06.28:005][  0]LogConfig: Setting CVar [[r.TranslucencyLightingVolumeDim:64]]
[2022.03.17-10.06.28:005][  0]LogConfig: Setting CVar [[r.RefractionQuality:2]]
[2022.03.17-10.06.28:005][  0]LogConfig: Setting CVar [[r.SSR.Quality:3]]
[2022.03.17-10.06.28:005][  0]LogConfig: Setting CVar [[r.SSR.HalfResSceneColor:0]]
[2022.03.17-10.06.28:005][  0]LogConfig: Setting CVar [[r.SceneColorFormat:4]]
[2022.03.17-10.06.28:005][  0]LogConfig: Setting CVar [[r.DetailMode:2]]
[2022.03.17-10.06.28:005][  0]LogConfig: Setting CVar [[r.TranslucencyVolumeBlur:1]]
[2022.03.17-10.06.28:005][  0]LogConfig: Setting CVar [[r.MaterialQualityLevel:1 ; High quality]]
[2022.03.17-10.06.28:005][  0]LogConfig: Setting CVar [[r.AnisotropicMaterials:1]]
[2022.03.17-10.06.28:005][  0]LogConfig: Setting CVar [[r.SSS.Scale:1]]
[2022.03.17-10.06.28:005][  0]LogConfig: Setting CVar [[r.SSS.SampleSet:2]]
[2022.03.17-10.06.28:005][  0]LogConfig: Setting CVar [[r.SSS.Quality:1]]
[2022.03.17-10.06.28:005][  0]LogConfig: Setting CVar [[r.SSS.HalfRes:0]]
[2022.03.17-10.06.28:005][  0]LogConfig: Setting CVar [[r.SSGI.Quality:3]]
[2022.03.17-10.06.28:005][  0]LogConfig: Setting CVar [[r.EmitterSpawnRateScale:1.0]]
[2022.03.17-10.06.28:005][  0]LogConfig: Setting CVar [[r.ParticleLightQuality:2]]
[2022.03.17-10.06.28:005][  0]LogConfig: Setting CVar [[r.SkyAtmosphere.AerialPerspectiveLUT.FastApplyOnOpaque:1 ; Always have FastSkyLUT 1 in this case to avoid wrong sky]]
[2022.03.17-10.06.28:005][  0]LogConfig: Setting CVar [[r.SkyAtmosphere.AerialPerspectiveLUT.SampleCountMaxPerSlice:4]]
[2022.03.17-10.06.28:005][  0]LogConfig: Setting CVar [[r.SkyAtmosphere.AerialPerspectiveLUT.DepthResolution:16.0]]
[2022.03.17-10.06.28:005][  0]LogConfig: Setting CVar [[r.SkyAtmosphere.FastSkyLUT:1]]
[2022.03.17-10.06.28:005][  0]LogConfig: Setting CVar [[r.SkyAtmosphere.FastSkyLUT.SampleCountMin:4.0]]
[2022.03.17-10.06.28:005][  0]LogConfig: Setting CVar [[r.SkyAtmosphere.FastSkyLUT.SampleCountMax:128.0]]
[2022.03.17-10.06.28:005][  0]LogConfig: Setting CVar [[r.SkyAtmosphere.SampleCountMin:4.0]]
[2022.03.17-10.06.28:005][  0]LogConfig: Setting CVar [[r.SkyAtmosphere.SampleCountMax:128.0]]
[2022.03.17-10.06.28:005][  0]LogConfig: Setting CVar [[r.SkyAtmosphere.TransmittanceLUT.UseSmallFormat:0]]
[2022.03.17-10.06.28:005][  0]LogConfig: Setting CVar [[r.SkyAtmosphere.TransmittanceLUT.SampleCount:10.0]]
[2022.03.17-10.06.28:005][  0]LogConfig: Setting CVar [[r.SkyAtmosphere.MultiScatteringLUT.SampleCount:15.0]]
[2022.03.17-10.06.28:005][  0]LogConfig: Setting CVar [[r.SkyLight.RealTimeReflectionCapture:1]]
[2022.03.17-10.06.28:005][  0]LogConfig: Applying CVar settings from Section [FoliageQuality@3] File [C:/Users/Paki/Documents/GitHub/Unreal-Engine_3D-Platformer/Platformer3D/Saved/Config/Windows/Scalability.ini]
[2022.03.17-10.06.28:005][  0]LogConfig: Setting CVar [[foliage.DensityScale:1.0]]
[2022.03.17-10.06.28:005][  0]LogConfig: Setting CVar [[grass.DensityScale:1.0]]
[2022.03.17-10.06.28:005][  0]LogConfig: Applying CVar settings from Section [ShadingQuality@3] File [C:/Users/Paki/Documents/GitHub/Unreal-Engine_3D-Platformer/Platformer3D/Saved/Config/Windows/Scalability.ini]
[2022.03.17-10.06.28:005][  0]LogConfig: Setting CVar [[r.HairStrands.SkyLighting.IntegrationType:2]]
[2022.03.17-10.06.28:005][  0]LogConfig: Setting CVar [[r.HairStrands.SkyAO.SampleCount:4]]
[2022.03.17-10.06.28:005][  0]LogConfig: Setting CVar [[r.HairStrands.Visibility.MSAA.SamplePerPixel:4]]
[2022.03.17-10.06.28:005][  0]LogConfig: Applying CVar settings from Section [Startup] File [../../../Engine/Config/ConsoleVariables.ini]
[2022.03.17-10.06.28:117][  0]LogConfig: Setting CVar [[net.UseAdaptiveNetUpdateFrequency:0]]
[2022.03.17-10.06.28:117][  0]LogConfig: Setting CVar [[p.chaos.AllowCreatePhysxBodies:1]]
[2022.03.17-10.06.28:117][  0]LogConfig: Setting CVar [[fx.SkipVectorVMBackendOptimizations:1]]
[2022.03.17-10.06.28:117][  0]LogConfig: Applying CVar settings from Section [ConsoleVariables] File [C:/Users/Paki/Documents/GitHub/Unreal-Engine_3D-Platformer/Platformer3D/Saved/Config/Windows/Engine.ini]
[2022.03.17-10.06.28:117][  0]LogConfig: Applying CVar settings from Section [ConsoleVariables] File [C:/Users/Paki/Documents/GitHub/Unreal-Engine_3D-Platformer/Platformer3D/Saved/Config/Windows/Editor.ini]
[2022.03.17-10.06.28:117][  0]LogInit: Computer: DESKTOP-M9PDD15
[2022.03.17-10.06.28:117][  0]LogInit: User: Paki
[2022.03.17-10.06.28:117][  0]LogInit: CPU Page size=4096, Cores=6
[2022.03.17-10.06.28:117][  0]LogInit: High frequency timer resolution =10.000000 MHz
[2022.03.17-10.06.28:117][  0]LogMemory: Memory total: Physical=15.9GB (16GB approx)
[2022.03.17-10.06.28:117][  0]LogMemory: Platform Memory Stats for Windows
[2022.03.17-10.06.28:117][  0]LogMemory: Process Physical Memory: 151.09 MB used, 151.09 MB peak
[2022.03.17-10.06.28:117][  0]LogMemory: Process Virtual Memory: 123.73 MB used, 123.73 MB peak
[2022.03.17-10.06.28:117][  0]LogMemory: Physical Memory: 6113.75 MB used,  10201.43 MB free, 16315.19 MB total
[2022.03.17-10.06.28:117][  0]LogMemory: Virtual Memory: 134206600.00 MB used,  11128.66 MB free, 134217728.00 MB total
[2022.03.17-10.06.28:122][  0]LogWindows: WindowsPlatformFeatures enabled
[2022.03.17-10.06.29:783][  0]LogInit: Physics initialised using underlying interface: PhysX
[2022.03.17-10.06.29:783][  0]LogInit: Using OS detected language (en-US).
[2022.03.17-10.06.29:783][  0]LogInit: Using OS detected locale (en-US).
[2022.03.17-10.06.29:791][  0]LogTextLocalizationManager: No specific localization for 'en-US' exists, so the 'en' localization will be used.
[2022.03.17-10.06.30:416][  0]LogWindowsTextInputMethodSystem: Display: IME system deactivated.
[2022.03.17-10.06.30:979][  0]LogSlate: New Slate User Created.  User Index 0, Is Virtual User: 0
[2022.03.17-10.06.30:979][  0]LogSlate: Slate User Registered.  User Index 0, Is Virtual User: 0
[2022.03.17-10.06.45:114][  0]LogD3D11RHI: Loaded GFSDK_Aftermath_Lib.x64.dll
[2022.03.17-10.06.45:115][  0]LogHMD: Failed to initialize OpenVR with code 110
[2022.03.17-10.06.45:116][  0]LogD3D11RHI: D3D11 min allowed feature level: 11_0
[2022.03.17-10.06.45:116][  0]LogD3D11RHI: D3D11 max allowed feature level: 11_0
[2022.03.17-10.06.45:116][  0]LogD3D11RHI: D3D11 adapters:
[2022.03.17-10.06.45:215][  0]LogD3D11RHI:    0. 'NVIDIA GeForce RTX 2070 SUPER' (Feature Level 11_0)
[2022.03.17-10.06.45:215][  0]LogD3D11RHI:       8011/0/8157 MB DedicatedVideo/DedicatedSystem/SharedSystem, Outputs:1, VendorId:0x10de
[2022.03.17-10.06.45:217][  0]LogD3D11RHI:    1. 'Microsoft Basic Render Driver' (Feature Level 11_0)
[2022.03.17-10.06.45:217][  0]LogD3D11RHI:       0/0/8157 MB DedicatedVideo/DedicatedSystem/SharedSystem, Outputs:0, VendorId:0x1414
[2022.03.17-10.06.45:217][  0]LogD3D11RHI: Chosen D3D11 Adapter:
[2022.03.17-10.06.45:217][  0]LogD3D11RHI:     Description : NVIDIA GeForce RTX 2070 SUPER
[2022.03.17-10.06.45:217][  0]LogD3D11RHI:     VendorId    : 10de
[2022.03.17-10.06.45:217][  0]LogD3D11RHI:     DeviceId    : 1e84
[2022.03.17-10.06.45:217][  0]LogD3D11RHI:     SubSysId    : 40011458
[2022.03.17-10.06.45:217][  0]LogD3D11RHI:     Revision    : 00a1
[2022.03.17-10.06.45:217][  0]LogD3D11RHI:     DedicatedVideoMemory : 8400142336 bytes
[2022.03.17-10.06.45:217][  0]LogD3D11RHI:     DedicatedSystemMemory : 0 bytes
[2022.03.17-10.06.45:217][  0]LogD3D11RHI:     SharedSystemMemory : 8553857024 bytes
[2022.03.17-10.06.45:217][  0]LogD3D11RHI:     AdapterLuid : 0 47593
[2022.03.17-10.06.45:221][  0]LogD3D11RHI: Creating new Direct3DDevice
[2022.03.17-10.06.45:221][  0]LogD3D11RHI:     GPU DeviceId: 0x1e84 (for the marketing name, search the web for "GPU Device Id")
[2022.03.17-10.06.45:221][  0]LogWindows: EnumDisplayDevices:
[2022.03.17-10.06.45:221][  0]LogWindows:    0. 'NVIDIA GeForce RTX 2070 SUPER' (P:1 D:1)
[2022.03.17-10.06.45:222][  0]LogWindows:    1. 'NVIDIA GeForce RTX 2070 SUPER' (P:0 D:0)
[2022.03.17-10.06.45:222][  0]LogWindows:    2. 'NVIDIA GeForce RTX 2070 SUPER' (P:0 D:0)
[2022.03.17-10.06.45:222][  0]LogWindows:    3. 'NVIDIA GeForce RTX 2070 SUPER' (P:0 D:0)
[2022.03.17-10.06.45:222][  0]LogWindows: DebugString: FoundDriverCount:4 
[2022.03.17-10.06.45:222][  0]LogD3D11RHI:     Adapter Name: NVIDIA GeForce RTX 2070 SUPER
[2022.03.17-10.06.45:222][  0]LogD3D11RHI:   Driver Version: 496.49 (internal:30.0.14.9649, unified:496.49)
[2022.03.17-10.06.45:222][  0]LogD3D11RHI:      Driver Date: 10-20-2021
[2022.03.17-10.06.45:222][  0]LogRHI: Texture pool is 5607 MB (70% of 8011 MB)
[2022.03.17-10.06.45:222][  0]LogD3D11RHI: Creating D3DDevice using adapter:
[2022.03.17-10.06.45:222][  0]LogD3D11RHI:     Description : NVIDIA GeForce RTX 2070 SUPER
[2022.03.17-10.06.45:222][  0]LogD3D11RHI:     VendorId    : 10de
[2022.03.17-10.06.45:222][  0]LogD3D11RHI:     DeviceId    : 1e84
[2022.03.17-10.06.45:222][  0]LogD3D11RHI:     SubSysId    : 40011458
[2022.03.17-10.06.45:222][  0]LogD3D11RHI:     Revision    : 00a1
[2022.03.17-10.06.45:222][  0]LogD3D11RHI:     DedicatedVideoMemory : 8400142336 bytes
[2022.03.17-10.06.45:222][  0]LogD3D11RHI:     DedicatedSystemMemory : 0 bytes
[2022.03.17-10.06.45:222][  0]LogD3D11RHI:     SharedSystemMemory : 8553857024 bytes
[2022.03.17-10.06.45:222][  0]LogD3D11RHI:     AdapterLuid : 0 47593
[2022.03.17-10.06.45:282][  0]LogD3D11RHI: RHI has support for 64 bit atomics
[2022.03.17-10.06.45:282][  0]LogD3D11RHI: Async texture creation enabled
[2022.03.17-10.06.45:282][  0]LogD3D11RHI: Array index from any shader is supported
[2022.03.17-10.06.45:300][  0]LogD3D11RHI: GPU Timing Frequency: 1000.000000 (Debug: 2 1)
[2022.03.17-10.06.45:439][  0]LogRHI: GeForceNow SDK initialized: 1
[2022.03.17-10.06.45:758][  0]LogTargetPlatformManager: Display: Loaded TargetPlatform 'AllDesktop'
[2022.03.17-10.06.45:779][  0]LogTargetPlatformManager: Display: Loaded TargetPlatform 'Android'
[2022.03.17-10.06.45:779][  0]LogTargetPlatformManager: Display: Loaded TargetPlatform 'Android_ASTC'
[2022.03.17-10.06.45:779][  0]LogTargetPlatformManager: Display: Loaded TargetPlatform 'Android_DXT'
[2022.03.17-10.06.45:779][  0]LogTargetPlatformManager: Display: Loaded TargetPlatform 'Android_ETC2'
[2022.03.17-10.06.45:779][  0]LogTargetPlatformManager: Display: Loaded TargetPlatform 'AndroidClient'
[2022.03.17-10.06.45:779][  0]LogTargetPlatformManager: Display: Loaded TargetPlatform 'Android_ASTCClient'
[2022.03.17-10.06.45:779][  0]LogTargetPlatformManager: Display: Loaded TargetPlatform 'Android_DXTClient'
[2022.03.17-10.06.45:779][  0]LogTargetPlatformManager: Display: Loaded TargetPlatform 'Android_ETC2Client'
[2022.03.17-10.06.45:779][  0]LogTargetPlatformManager: Display: Loaded TargetPlatform 'Android_Multi'
[2022.03.17-10.06.45:779][  0]LogTargetPlatformManager: Display: Loaded TargetPlatform 'Android_MultiClient'
[2022.03.17-10.06.45:800][  0]LogTargetPlatformManager: Display: Loaded TargetPlatform 'IOSClient'
[2022.03.17-10.06.45:800][  0]LogTargetPlatformManager: Display: Loaded TargetPlatform 'IOS'
[2022.03.17-10.06.45:832][  0]LogTargetPlatformManager: Display: Loaded TargetPlatform 'Linux'
[2022.03.17-10.06.45:836][  0]LogTargetPlatformManager: Display: Loaded TargetPlatform 'LinuxNoEditor'
[2022.03.17-10.06.45:840][  0]LogTargetPlatformManager: Display: Loaded TargetPlatform 'LinuxClient'
[2022.03.17-10.06.45:844][  0]LogTargetPlatformManager: Display: Loaded TargetPlatform 'LinuxServer'
[2022.03.17-10.06.45:854][  0]LogTargetPlatformManager: Display: Loaded TargetPlatform 'LinuxAArch64NoEditor'
[2022.03.17-10.06.45:858][  0]LogTargetPlatformManager: Display: Loaded TargetPlatform 'LinuxAArch64Client'
[2022.03.17-10.06.45:862][  0]LogTargetPlatformManager: Display: Loaded TargetPlatform 'LinuxAArch64Server'
[2022.03.17-10.06.45:898][  0]LogTargetPlatformManager: Display: Loaded TargetPlatform 'Lumin'
[2022.03.17-10.06.45:898][  0]LogTargetPlatformManager: Display: Loaded TargetPlatform 'LuminClient'
[2022.03.17-10.06.46:015][  0]LogTargetPlatformManager: Display: Loaded TargetPlatform 'MacNoEditor'
[2022.03.17-10.06.46:019][  0]LogTargetPlatformManager: Display: Loaded TargetPlatform 'Mac'
[2022.03.17-10.06.46:023][  0]LogTargetPlatformManager: Display: Loaded TargetPlatform 'MacClient'
[2022.03.17-10.06.46:027][  0]LogTargetPlatformManager: Display: Loaded TargetPlatform 'MacServer'
[2022.03.17-10.06.46:123][  0]LogTargetPlatformManager: Display: Loaded TargetPlatform 'TVOSClient'
[2022.03.17-10.06.46:123][  0]LogTargetPlatformManager: Display: Loaded TargetPlatform 'TVOS'
[2022.03.17-10.06.46:131][  0]LogTargetPlatformManager: Display: Loaded TargetPlatform 'WindowsNoEditor'
[2022.03.17-10.06.46:135][  0]LogTargetPlatformManager: Display: Loaded TargetPlatform 'Windows'
[2022.03.17-10.06.46:139][  0]LogTargetPlatformManager: Display: Loaded TargetPlatform 'WindowsClient'
[2022.03.17-10.06.46:143][  0]LogTargetPlatformManager: Display: Loaded TargetPlatform 'WindowsServer'
[2022.03.17-10.06.46:143][  0]LogTargetPlatformManager: Display: Building Assets For Windows
[2022.03.17-10.06.46:149][  0]LogAudioDebug: Display: Lib vorbis DLL was dynamically loaded.
[2022.03.17-10.06.46:199][  0]LogTextureFormatOodle: Display: Oodle Texture 2.9.0 init RDO Off
[2022.03.17-10.06.46:369][  0]LogRendererCore: Ray tracing is disabled. Reason: r.RayTracing=0.
[2022.03.17-10.06.46:369][  0]LogShaderCompilers: Guid format shader working directory is -42 characters bigger than the processId version (../../../../../../Users/Paki/Documents/GitHub/Unreal-Engine_3D-Platformer/Platformer3D/Intermediate/Shaders/WorkingDirectory/10236/).
[2022.03.17-10.06.46:370][  0]LogShaderCompilers: Cleaned the shader compiler working directory 'C:/Users/Paki/AppData/Local/Temp/UnrealShaderWorkingDir/3001339245A81C3F11653EB4CC4ED750/'.
[2022.03.17-10.06.46:370][  0]LogXGEController: Cannot use XGE Controller as Incredibuild is not installed on this machine.
[2022.03.17-10.06.46:370][  0]LogShaderCompilers: Cannot use XGE Shader Compiler as Incredibuild is not installed on this machine.
[2022.03.17-10.06.46:370][  0]LogShaderCompilers: Display: Using Local Shader Compiler.
[2022.03.17-10.06.54:650][  0]LogDerivedDataCache: Display: Max Cache Size: 512 MB
[2022.03.17-10.06.54:698][  0]LogDerivedDataCache: Loaded boot cache 0.05s 96MB C:/Users/Paki/AppData/Local/UnrealEngine/4.27/DerivedDataCache/Boot.ddc.
[2022.03.17-10.06.54:698][  0]LogDerivedDataCache: Display: Loaded Boot cache: C:/Users/Paki/AppData/Local/UnrealEngine/4.27/DerivedDataCache/Boot.ddc
[2022.03.17-10.06.54:698][  0]LogDerivedDataCache: FDerivedDataBackendGraph:  Pak pak cache file ../../../../../../Users/Paki/Documents/GitHub/Unreal-Engine_3D-Platformer/Platformer3D/DerivedDataCache/DDC.ddp not found, will not use a pak cache.
[2022.03.17-10.06.54:698][  0]LogDerivedDataCache: Unable to find inner node Pak for hierarchical cache Hierarchy.
[2022.03.17-10.06.54:698][  0]LogDerivedDataCache: FDerivedDataBackendGraph:  CompressedPak pak cache file ../../../../../../Users/Paki/Documents/GitHub/Unreal-Engine_3D-Platformer/Platformer3D/DerivedDataCache/Compressed.ddp not found, will not use a pak cache.
[2022.03.17-10.06.54:698][  0]LogDerivedDataCache: Unable to find inner node CompressedPak for hierarchical cache Hierarchy.
[2022.03.17-10.06.54:715][  0]LogDerivedDataCache: Display: Pak cache opened for reading ../../../Engine/DerivedDataCache/Compressed.ddp.
[2022.03.17-10.06.54:716][  0]LogDerivedDataCache: FDerivedDataBackendGraph:  EnterprisePak pak cache file ../../../Enterprise/DerivedDataCache/Compressed.ddp not found, will not use a pak cache.
[2022.03.17-10.06.54:716][  0]LogDerivedDataCache: Unable to find inner node EnterprisePak for hierarchical cache Hierarchy.
[2022.03.17-10.06.56:058][  0]LogDerivedDataCache: Speed tests for C:/Users/Paki/AppData/Local/UnrealEngine/Common/DerivedDataCache took 1.34 seconds
[2022.03.17-10.06.56:058][  0]LogDerivedDataCache: Display: Performance to C:/Users/Paki/AppData/Local/UnrealEngine/Common/DerivedDataCache: Latency=0.05ms. RandomReadSpeed=3.06MBs, RandomWriteSpeed=0.90MBs. Assigned SpeedClass 'Local'
[2022.03.17-10.06.56:058][  0]LogDerivedDataCache: Using Local data cache path C:/Users/Paki/AppData/Local/UnrealEngine/Common/DerivedDataCache: Writable
[2022.03.17-10.06.56:058][  0]LogDerivedDataCache: Shared data cache path not found in *engine.ini, will not use an Shared cache.
[2022.03.17-10.06.56:058][  0]LogDerivedDataCache: Unable to find inner node Shared for hierarchical cache Hierarchy.
[2022.03.17-10.06.56:105][  0]LogSlate: Using FreeType 2.10.0
[2022.03.17-10.06.56:131][  0]LogSlate: SlateFontServices - WITH_FREETYPE: 1, WITH_HARFBUZZ: 1
[2022.03.17-10.06.56:498][  0]LogAssetRegistry: FAssetRegistry took 0.0027 seconds to start up
[2022.03.17-10.06.56:730][  0]LogInit: Selected Device Profile: [Windows]
[2022.03.17-10.06.56:730][  0]LogInit: Active device profile: [0000022D03487300][0000022D023E4A80 49] Windows
[2022.03.17-10.06.56:730][  0]LogInit: Profiles: [0000022D03487300][0000022D023E4A80 49] Windows, [0000022D0342CF00][0000022D023E8D00 49] WindowsNoEditor, [0000022D03484F00][0000022D023F4F80 49] WindowsServer, [0000022D0342EB00][0000022D023FD240 49] WindowsClient, [0000022D03486A00][0000022D0331B500 49] IOS, [0000022D0342D800][0000022D0339D7C0 49] iPadAir, [0000022D03485700][0000022D033A1A80 49] iPadAir2, [0000022D0410BA00][0000022D7F55A440 49] IPadPro, [0000022D0410BB00][0000022D033A8480 49] iPadAir3, [0000022D03486400][0000022D033D0740 49] iPadAir4, [0000022D04109400][0000022D033CCA00 49] iPadMini2, [0000022D03485C00][0000022D033D4CC0 49] iPadMini3, [0000022D0410A500][0000022D023F8F40 49] iPadMini4, [0000022D03484800][0000022D7F5631C0 49] iPadMini5, [0000022D0345F300][0000022D033E9700 49] iPhone6, [0000022D0345F400][0000022D033D9740 49] iPodTouch6, [0000022D04108400][0000022D033F0100 49] iPhone7, [0000022D04108300][0000022D033E0140 49] iPodTouch7, [0000022D0345D300][0000022D033E4400 49] iPhone5S, [0000022D0410BC00][0000022D033DC6C0 49] iPhone6Plus, [0000022D0345E600][0000022D033EC980 49] iPhone6S, [0000022D04109100][0000022D033F4C40 49] iPhone6SPlus, [0000022D0345DB00][0000022D033F8F00 49] iPhone7Plus, [0000022D04109D00][0000022D7F567180 49] iPhoneSE, [0000022D0345CE00][0000022D03401440 49] iPhone8, [0000022D04108C00][0000022D03405700 49] iPhone8Plus, [0000022D0345ED00][0000022D034099C0 49] iPhoneX, [0000022D04108A00][0000022D0340C100 49] iPhoneXS, [0000022D0345FA00][0000022D7F63A3C0 49] iPhoneXSMax, [0000022D04109800][0000022D7F63E680 49] iPhoneXR, [0000022D0345CD00][0000022D7F642940 49] iPhone11, [0000022D0410BD00][0000022D7F646C00 49] iPhone11Pro, [0000022D0345EA00][0000022D7F64AEC0 49] iPhone11ProMax, [0000022D04109200][0000022D033FD140 49] iPhoneSE2, [0000022D0345E400][0000022D7F64F3C0 49] iPhone12Mini, [0000022D04108F00][0000022D7F657680 49] iPhone12, [0000022D0345FC00][0000022D7F65B940 49] iPhone12Pro, [0000022D0410A600][0000022D7F65FC00 49] iPhone12ProMax, [0000022D0345C100][0000022D7F662340 49] iPadPro105, [0000022D0410AB00][0000022D7F666600 49] iPadPro129, [0000022D0345E000][0000022D7F66A8C0 49] iPadPro97, [0000022D04109000][0000022D7F66EB80 49] iPadPro2_129, [0000022D0345E200][0000022D7F672E40 49] iPad5, [0000022D04109900][0000022D7F677100 49] iPad6, [0000022D0345E700][0000022D7F653380 49] iPad7, [0000022D0410A000][0000022D7F67B600 49] iPad8, [0000022D0345FF00][0000022D7F6838C0 49] iPadPro11, [0000022D04109B00][0000022D7F687B80 49] iPadPro2_11, [0000022D0345D600][0000022D7F68A2C0 49] iPadPro3_129, [0000022D04109500][0000022D7F68E580 49] iPadPro4_129, [0000022D0345DD00][0000022D7F692840 49] AppleTV, [0000022D04109600][0000022D7F696B00 49] AppleTV4K, [0000022D0345D400][0000022D7F69ADC0 49] TVOS, [0000022D0410A700][0000022D7F69F080 49] Mac, [0000022D0345F700][0000022D7F6A3340 49] MacClient, [0000022D0410A800][0000022D7F67F5C0 49] MacNoEditor, [0000022D0345CF00][0000022D7F6A7840 49] MacServer, [0000022D0410AA00][0000022D7F6AFB00 49] Linux, [0000022D035E9600][0000022D7F6B2240 49] LinuxAArch64, [0000022D0342ED00][0000022D7F6B6500 49] LinuxNoEditor, [0000022D035EA100][0000022D7F6BA7C0 49] LinuxAArch64NoEditor, [0000022D0342DA00][0000022D7F6BEA80 49] LinuxClient, [0000022D035E8E00][0000022D7F6C2D40 49] LinuxAArch64Client, [0000022D0342F700][0000022D7F6C7000 49] LinuxServer, [0000022D035E8C00][0000022D7F6CB2C0 49] LinuxAArch64Server, [0000022D0342DC00][0000022D7F6CF580 49] Android, [0000022D035E9000][0000022D7F6AB800 49] Android_Low, [0000022D0342E000][0000022D7F6D3A80 49] Android_Mid, [0000022D035EA300][0000022D7F6DA1C0 49] Android_High, [0000022D0342D300][0000022D7F6DE480 49] Android_Default, [0000022D035E8900][0000022D75B84740 49] Android_Adreno4xx, [0000022D0342F300][0000022D75B88A00 49] Android_Adreno5xx_Low, [0000022D035E8F00][0000022D75B8CCC0 49] Android_Adreno5xx, [0000022D0342FB00][0000022D75B90F80 49] Android_Adreno6xx, [0000022D04108B00][0000022D75B95240 49] Android_Adreno6xx_Vulkan, [0000022D0345F600][0000022D75B99500 49] Android_Mali_T6xx, [0000022D04109A00][0000022D75B9D7C0 49] Android_Mali_T7xx, [0000022D0345EE00][0000022D7F6D7A40 49] Android_Mali_T8xx, [0000022D0410A400][0000022D75BA0140 49] Android_Mali_G71, [0000022D0345C800][0000022D75BA8400 49] Android_Mali_G72, [0000022D04108500][0000022D75BAC6C0 49] Android_Mali_G72_Vulkan, [0000022D0345F900][0000022D75BB0980 49] Android_Mali_G76, [0000022D04108100][0000022D75BB4C40 49] Android_Mali_G76_Vulkan, [0000022D0345E900][0000022D75BB8F00 49] Android_Mali_G77, [0000022D04108E00][0000022D75BBD1C0 49] Android_Mali_G77_Vulkan, [0000022D0345DF00][0000022D75BC1480 49] Android_Mali_G78, [0000022D04109F00][0000022D75BC5740 49] Android_Mali_G78_Vulkan, [0000022D035E9800][0000022D75BC9A00 49] Android_Mali_G710, [0000022D0410A100][0000022D75BA4100 49] Android_Mali_G710_Vulkan, [0000022D035EA200][0000022D75BCC380 49] Android_Vulkan_SM5, [0000022D0410B700][0000022D75BD4640 49] Android_PowerVR_G6xxx, [0000022D035E9C00][0000022D75BD8900 49] Android_PowerVR_GT7xxx, [0000022D0410AE00][0000022D75BDCBC0 49] Android_PowerVR_GE8xxx, [0000022D035E9100][0000022D75BE0E80 49] Android_PowerVR_GM9xxx, [0000022D0410B300][0000022D75BE5140 49] Android_PowerVR_GM9xxx_Vulkan, [0000022D035E8200][0000022D75BE9400 49] Android_TegraK1, [0000022D0410B100][0000022D75BED6C0 49] Android_Unknown_Vulkan, [0000022D035E9400][0000022D75BF1980 49] Lumin, [0000022D0410B200][0000022D75BF40C0 49] Lumin_Desktop, [0000022D035E8500][0000022D75BD0340 49] HoloLens, 
[2022.03.17-10.06.56:942][  0]LogMeshReduction: Using QuadricMeshReduction for automatic static mesh reduction
[2022.03.17-10.06.56:942][  0]LogMeshReduction: Using SimplygonMeshReduction for automatic skeletal mesh reduction
[2022.03.17-10.06.56:942][  0]LogMeshReduction: Using ProxyLODMeshReduction for automatic mesh merging
[2022.03.17-10.06.56:942][  0]LogMeshReduction: No distributed automatic mesh merging module available
[2022.03.17-10.06.56:942][  0]LogMeshMerging: No distributed automatic mesh merging module available
[2022.03.17-10.06.57:016][  0]LogNetVersion: Platformer3D 1.0.0, NetCL: 17155196, EngineNetVer: 17, GameNetVer: 0 (Checksum: 4160821979)
[2022.03.17-10.07.02:181][  0]LogTexture: Default maximum texture size for cubemaps generated from long-lat sources has been changed from 512 to unlimited. In order to preserve old behaiour for '/Engine/MapTemplates/Sky/DaylightAmbientCubemap.DaylightAmbientCubemap', its maximum texture size has been explicitly set to 512.
[2022.03.17-10.07.02:251][  0]LogHMD: PokeAHoleMaterial loaded successfully
[2022.03.17-10.07.02:256][  0]LogUObjectArray: 17178 objects as part of root set at end of initial load.
[2022.03.17-10.07.02:256][  0]LogUObjectAllocator: 4302048 out of 0 bytes used by permanent object pool.
[2022.03.17-10.07.02:256][  0]LogUObjectArray: CloseDisregardForGC: 0/0 objects in disregard for GC pool
[2022.03.17-10.07.02:956][  0]LogNiagaraDebuggerClient: Niagara Debugger Client Initialized | Session: 03498CB44DA7EF1A14637981C37A5030 | Instance: 0B7BF96D4360ED96F87B75B67D8417A6 (DESKTOP-M9PDD15-10236).
[2022.03.17-10.07.03:580][  0]LogPython: Using Python 3.7.7
[2022.03.17-10.07.04:973][  0]LogTcpMessaging: Initializing TcpMessaging bridge
[2022.03.17-10.07.04:977][  0]LogUdpMessaging: Initializing bridge on interface 0.0.0.0:0 to multicast group 230.0.0.1:6666.
[2022.03.17-10.07.06:118][  0]SourceControl: Source control is disabled
[2022.03.17-10.07.06:119][  0]SourceControl: Source control is disabled
[2022.03.17-10.07.06:122][  0]SourceControl: Source control is disabled
[2022.03.17-10.07.06:127][  0]SourceControl: Source control is disabled
[2022.03.17-10.07.06:130][  0]SourceControl: Source control is disabled
[2022.03.17-10.07.06:156][  0]LogUProjectInfo: Found projects:
[2022.03.17-10.07.06:981][  0]LogOpenImageDenoise: OIDN starting up
[2022.03.17-10.07.07:014][  0]LogAndroidPermission: UAndroidPermissionCallbackProxy::GetInstance
[2022.03.17-10.07.07:031][  0]LogAudioCaptureCore: Display: No Audio Capture implementations found. Audio input will be silent.
[2022.03.17-10.07.07:031][  0]LogAudioCaptureCore: Display: No Audio Capture implementations found. Audio input will be silent.
[2022.03.17-10.07.07:248][  0]LogCollectionManager: Loaded 0 collections in 0.001884 seconds
[2022.03.17-10.07.07:271][  0]LogFileCache: Scanning file cache for directory 'C:/Users/Paki/Documents/GitHub/Unreal-Engine_3D-Platformer/Platformer3D/Saved/Collections/' took 0.00s
[2022.03.17-10.07.07:271][  0]LogFileCache: Scanning file cache for directory 'C:/Users/Paki/Documents/GitHub/Unreal-Engine_3D-Platformer/Platformer3D/Content/Developers/Paki/Collections/' took 0.00s
[2022.03.17-10.07.07:271][  0]LogFileCache: Scanning file cache for directory 'C:/Users/Paki/Documents/GitHub/Unreal-Engine_3D-Platformer/Platformer3D/Content/Collections/' took 0.00s
[2022.03.17-10.07.07:271][  0]LogOcInput: OculusInput pre-init called
[2022.03.17-10.07.07:562][  0]LogEngine: Initializing Engine...
[2022.03.17-10.07.07:630][  0]LogHMD: Failed to enumerate extensions. Please check that you have a valid OpenXR runtime installed.
[2022.03.17-10.07.07:630][  0]LogHMD: Failed to initialize OpenVR with code 110
[2022.03.17-10.07.07:630][  0]LogMagicLeap: Warning: VR disabled because ZI is not enabled.  To enable, in the editor, Edit -> Project Settings -> Plugins -> Magic Leap Plugin -> Enable Zero Iteration
[2022.03.17-10.07.07:631][  0]LogStats: UGameplayTagsManager::InitializeManager -  0.000 s
[2022.03.17-10.07.07:966][  0]LogInit: Initializing FReadOnlyCVARCache
[2022.03.17-10.07.07:972][  0]LogAIModule: Creating AISystem for world Untitled
[2022.03.17-10.07.07:973][  0]LogAudio: Display: Initializing Audio Device Manager...
[2022.03.17-10.07.07:975][  0]LogAudio: Display: Loading Default Audio Settings Objects...
[2022.03.17-10.07.08:010][  0]LogAudio: Display: No default SoundConcurrencyObject specified (or failed to load).
[2022.03.17-10.07.08:010][  0]LogAudio: Display: Audio Device Manager Initialized
[2022.03.17-10.07.08:010][  0]LogAudio: Display: Creating Audio Device:                 Id: 1, Scope: Shared, Realtime: True
[2022.03.17-10.07.08:010][  0]LogAudioMixer: Display: Audio Mixer Platform Settings:
[2022.03.17-10.07.08:010][  0]LogAudioMixer: Display: 	Sample Rate:						  48000
[2022.03.17-10.07.08:010][  0]LogAudioMixer: Display: 	Callback Buffer Frame Size Requested: 1024
[2022.03.17-10.07.08:010][  0]LogAudioMixer: Display: 	Callback Buffer Frame Size To Use:	  1024
[2022.03.17-10.07.08:010][  0]LogAudioMixer: Display: 	Number of buffers to queue:			  2
[2022.03.17-10.07.08:010][  0]LogAudioMixer: Display: 	Max Channels (voices):				  32
[2022.03.17-10.07.08:010][  0]LogAudioMixer: Display: 	Number of Async Source Workers:		  0
[2022.03.17-10.07.08:010][  0]LogAudio: Display: AudioDevice MaxSources: 32
[2022.03.17-10.07.08:010][  0]LogAudio: Display: Audio Spatialization Plugin: None (built-in).
[2022.03.17-10.07.08:010][  0]LogAudio: Display: Audio Reverb Plugin: None (built-in).
[2022.03.17-10.07.08:010][  0]LogAudio: Display: Audio Occlusion Plugin: None (built-in).
[2022.03.17-10.07.08:010][  0]LogAudioMixer: Display: Initializing audio mixer.
[2022.03.17-10.07.08:029][  0]LogAudioMixer: Display: 0: FrontLeft
[2022.03.17-10.07.08:029][  0]LogAudioMixer: Display: 1: FrontRight
[2022.03.17-10.07.08:051][  0]LogAudioMixer: Display: Using Audio Device Speakers (HyperX Cloud Alpha S Game)
[2022.03.17-10.07.08:053][  0]LogAudioMixer: Display: Initializing Sound Submixes...
[2022.03.17-10.07.08:206][  0]LogAudioMixer: Display: Creating Master Submix 'MasterSubmixDefault'
[2022.03.17-10.07.08:206][  0]LogAudioMixer: Display: Creating Master Submix 'MasterReverbSubmixDefault'
[2022.03.17-10.07.08:207][  0]LogAudioMixer: Display: Creating Master Submix 'MasterEQSubmixDefault'
[2022.03.17-10.07.08:207][  0]LogAudioMixer: FMixerPlatformXAudio2::StartAudioStream() called
[2022.03.17-10.07.08:207][  0]LogAudioMixer: Display: Output buffers initialized: Frames=1024, Channels=2, Samples=2048
[2022.03.17-10.07.08:208][  0]LogAudioMixer: Display: Starting AudioMixerPlatformInterface::RunInternal()
[2022.03.17-10.07.08:208][  0]LogAudioMixer: Display: FMixerPlatformXAudio2::SubmitBuffer() called for the first time
[2022.03.17-10.07.08:208][  0]LogInit: FAudioDevice initialized.
[2022.03.17-10.07.08:208][  0]LogAudio: Display: Audio Device (ID: 1) registered with world 'Untitled'.
[2022.03.17-10.07.08:208][  0]LogNetVersion: Set ProjectVersion to 1.0.0.0. Version Checksum will be recalculated on next use.
[2022.03.17-10.07.09:028][  0]LogDerivedDataCache: Saved boot cache 0.82s 96MB C:/Users/Paki/AppData/Local/UnrealEngine/4.27/DerivedDataCache/Boot.ddc.
[2022.03.17-10.07.09:028][  0]LogInit: Texture streaming: Enabled
[2022.03.17-10.07.09:039][  0]LogAnalytics: Display: [UEEditor.Rocket.Release] APIServer = https://datarouter.ol.epicgames.com/. AppVersion = 4.27.2-18319896+++UE4+Release-4.27
[2022.03.17-10.07.09:042][  0]LogEngineSessionManager: EngineSessionManager initialized
[2022.03.17-10.07.09:042][  0]LogEditorSessionSummary: Verbose: Initializing EditorSessionSummaryWriter for editor session tracking
[2022.03.17-10.07.09:044][  0]LogEditorSessionSummary: EditorSessionSummaryWriter initialized
[2022.03.17-10.07.09:068][  0]LogInit: Transaction tracking system initialized
[2022.03.17-10.07.09:087][  0]BlueprintLog: New page: Editor Load
[2022.03.17-10.07.09:289][  0]LocalizationService: Localization service is disabled
[2022.03.17-10.07.09:338][  0]TimingProfiler: Initialize
[2022.03.17-10.07.09:339][  0]TimingProfiler: OnSessionChanged
[2022.03.17-10.07.09:339][  0]LoadingProfiler: Initialize
[2022.03.17-10.07.09:339][  0]LoadingProfiler: OnSessionChanged
[2022.03.17-10.07.09:339][  0]NetworkingProfiler: Initialize
[2022.03.17-10.07.09:339][  0]NetworkingProfiler: OnSessionChanged
[2022.03.17-10.07.09:339][  0]MemoryProfiler: Initialize
[2022.03.17-10.07.09:339][  0]MemoryProfiler: OnSessionChanged
[2022.03.17-10.07.10:430][  0]LogCook: Display: CookSettings for Memory: MemoryMaxUsedVirtual 0MiB, MemoryMaxUsedPhysical 16384MiB, MemoryMinFreeVirtual 0MiB, MemoryMinFreePhysical 1024MiB
[2022.03.17-10.07.10:431][  0]LogCook: Display: Mobile HDR setting 1
[2022.03.17-10.07.11:510][  0]LogFileCache: Scanning file cache for directory 'C:/Users/Paki/Documents/GitHub/Unreal-Engine_3D-Platformer/Platformer3D/Content/' took 0.01s
[2022.03.17-10.07.11:687][  0]LogInit: Display: Engine is initialized. Leaving FEngineLoop::Init()
[2022.03.17-10.07.11:690][  0]SourceControl: Source control is disabled
[2022.03.17-10.07.11:690][  0]LogUnrealEdMisc: Loading editor; pre map load, took 46.996
[2022.03.17-10.07.11:690][  0]Cmd: MAP LOAD FILE="../../../../../../Users/Paki/Documents/GitHub/Unreal-Engine_3D-Platformer/Platformer3D/Content/ThirdPersonBP/Maps/ThirdPersonExampleMap.umap" TEMPLATE=0 SHOWPROGRESS=1 FEATURELEVEL=3
[2022.03.17-10.07.11:690][  0]LightingResults: New page: Lighting Build
[2022.03.17-10.07.11:691][  0]LogWorld: UWorld::CleanupWorld for Untitled, bSessionEnded=true, bCleanupResources=true
[2022.03.17-10.07.11:691][  0]LogSlate: InvalidateAllWidgets triggered.  All widgets were invalidated
[2022.03.17-10.07.11:692][  0]MapCheck: New page: Map Check
[2022.03.17-10.07.11:692][  0]LightingResults: New page: Lighting Build
[2022.03.17-10.07.11:696][  0]LogAudio: Display: Audio Device unregistered from world 'None'.
[2022.03.17-10.07.11:699][  0]LogUObjectHash: Compacting FUObjectHashTables data took   0.92ms
[2022.03.17-10.07.21:992][  0]LogD3D11RHI: Error: Direct3DDevice->CreateBuffer(&Desc,pInitData,IndexBufferResource.GetInitReference()) failed 
 at D:/Build/++UE4/Sync/Engine/Source/Runtime/Windows/D3D11RHI/Private/D3D11IndexBuffer.cpp:68 
 with error DXGI_ERROR_DEVICE_REMOVED DXGI_ERROR_DEVICE_REMOVED
[2022.03.17-10.07.21:992][  0]LogD3D11RHI: [Aftermath] GDynamicRHI=0000022D63C71800, GDX11NVAfterMathEnabled=0, Result=0xFFFFFFFF, bDeviceActive=0
[2022.03.17-10.07.21:992][  0]LogWindows: Windows GetLastError: The operation completed successfully. (0)
[2022.03.17-10.07.58:571][  0]LogWindows: FPlatformMisc::RequestExit(0)
[2022.03.17-10.07.58:571][  0]LogWindows: FPlatformMisc::RequestExitWithStatus(0, 0)
[2022.03.17-10.07.58:571][  0]LogCore: Engine exit requested (reason: Win RequestExit)
[2022.03.17-10.07.58:571][  0]LogWindows: FPlatformMisc::RequestExit(1)
[2022.03.17-10.07.58:571][  0]LogWindows: FPlatformMisc::RequestExitWithStatus(1, 3)
[2022.03.17-10.07.58:571][  0]LogCore: Engine exit requested (reason: Win RequestExit; note: exit was already requested)
[2022.03.17-10.07.58:630][  0]Log file closed, 03/17/22 11:07:58
